c:\users\administrator\documents\visual studio 2013\projects\kmdf_pnp\x64\win7debug\kmdf_pnp.sys
c:\users\administrator\documents\visual studio 2013\projects\kmdf_pnp\kmdf_pnp\x64\win7debug\kmdf_pnp.inf
c:\users\administrator\documents\visual studio 2013\projects\kmdf_pnp\kmdf_pnp\x64\win7debug\vc120.pdb
c:\users\administrator\documents\visual studio 2013\projects\kmdf_pnp\kmdf_pnp\x64\win7debug\queue.obj
c:\users\administrator\documents\visual studio 2013\projects\kmdf_pnp\kmdf_pnp\x64\win7debug\driver.obj
c:\users\administrator\documents\visual studio 2013\projects\kmdf_pnp\kmdf_pnp\x64\win7debug\device.obj
c:\users\administrator\documents\visual studio 2013\projects\kmdf_pnp\x64\win7debug\kmdf_pnp.pdb
c:\users\administrator\documents\visual studio 2013\projects\kmdf_pnp\x64\win7debug\kmdf_pnp.cer
c:\users\administrator\documents\visual studio 2013\projects\kmdf_pnp\x64\win7debug\kmdf_pnp.inf
c:\users\administrator\documents\visual studio 2013\projects\kmdf_pnp\kmdf_pnp\x64\win7debug\signtool.command.1.tlog
c:\users\administrator\documents\visual studio 2013\projects\kmdf_pnp\kmdf_pnp\x64\win7debug\signtool.read.1.tlog
c:\users\administrator\documents\visual studio 2013\projects\kmdf_pnp\kmdf_pnp\x64\win7debug\signtool.write.1.tlog
c:\users\administrator\documents\visual studio 2013\projects\kmdf_pnp\kmdf_pnp\x64\win7debug\stampinf.command.1.tlog
c:\users\administrator\documents\visual studio 2013\projects\kmdf_pnp\kmdf_pnp\x64\win7debug\stampinf.read.1.tlog
c:\users\administrator\documents\visual studio 2013\projects\kmdf_pnp\kmdf_pnp\x64\win7debug\stampinf.write.1.tlog
c:\users\administrator\documents\visual studio 2013\projects\kmdf_pnp\kmdf_pnp\x64\win7debug\kmdf_pnp.tlog\cl.command.1.tlog
c:\users\administrator\documents\visual studio 2013\projects\kmdf_pnp\kmdf_pnp\x64\win7debug\kmdf_pnp.tlog\cl.read.1.tlog
c:\users\administrator\documents\visual studio 2013\projects\kmdf_pnp\kmdf_pnp\x64\win7debug\kmdf_pnp.tlog\cl.write.1.tlog
c:\users\administrator\documents\visual studio 2013\projects\kmdf_pnp\kmdf_pnp\x64\win7debug\kmdf_pnp.tlog\link.command.1.tlog
c:\users\administrator\documents\visual studio 2013\projects\kmdf_pnp\kmdf_pnp\x64\win7debug\kmdf_pnp.tlog\link.read.1.tlog
c:\users\administrator\documents\visual studio 2013\projects\kmdf_pnp\kmdf_pnp\x64\win7debug\kmdf_pnp.tlog\link.write.1.tlog
