c:\users\administrator\documents\visual studio 2013\projects\kmdf_pnp\win7debug\kmdf_pnp package\kmdf_pnp.cat
c:\users\administrator\documents\visual studio 2013\projects\kmdf_pnp\win7debug\kmdf_pnppackage.cer
c:\users\administrator\documents\visual studio 2013\projects\kmdf_pnp\kmdf_pnp package\win7debug\inf2cat-expand.10164.read.1.tlog
c:\users\administrator\documents\visual studio 2013\projects\kmdf_pnp\kmdf_pnp package\win7debug\inf2cat-expand.10164.write.1.tlog
c:\users\administrator\documents\visual studio 2013\projects\kmdf_pnp\kmdf_pnp package\win7debug\inf2cat-expand.10660.read.1.tlog
c:\users\administrator\documents\visual studio 2013\projects\kmdf_pnp\kmdf_pnp package\win7debug\inf2cat-expand.10660.write.1.tlog
c:\users\administrator\documents\visual studio 2013\projects\kmdf_pnp\kmdf_pnp package\win7debug\inf2cat-expand.1080.read.1.tlog
c:\users\administrator\documents\visual studio 2013\projects\kmdf_pnp\kmdf_pnp package\win7debug\inf2cat-expand.1080.write.1.tlog
c:\users\administrator\documents\visual studio 2013\projects\kmdf_pnp\kmdf_pnp package\win7debug\inf2cat-expand.10828.read.1.tlog
c:\users\administrator\documents\visual studio 2013\projects\kmdf_pnp\kmdf_pnp package\win7debug\inf2cat-expand.10828.write.1.tlog
c:\users\administrator\documents\visual studio 2013\projects\kmdf_pnp\kmdf_pnp package\win7debug\inf2cat-expand.10964.read.1.tlog
c:\users\administrator\documents\visual studio 2013\projects\kmdf_pnp\kmdf_pnp package\win7debug\inf2cat-expand.10964.write.1.tlog
c:\users\administrator\documents\visual studio 2013\projects\kmdf_pnp\kmdf_pnp package\win7debug\inf2cat-expand.11328.read.1.tlog
c:\users\administrator\documents\visual studio 2013\projects\kmdf_pnp\kmdf_pnp package\win7debug\inf2cat-expand.11328.write.1.tlog
c:\users\administrator\documents\visual studio 2013\projects\kmdf_pnp\kmdf_pnp package\win7debug\inf2cat-expand.11940.read.1.tlog
c:\users\administrator\documents\visual studio 2013\projects\kmdf_pnp\kmdf_pnp package\win7debug\inf2cat-expand.11940.write.1.tlog
c:\users\administrator\documents\visual studio 2013\projects\kmdf_pnp\kmdf_pnp package\win7debug\inf2cat-expand.12120.read.1.tlog
c:\users\administrator\documents\visual studio 2013\projects\kmdf_pnp\kmdf_pnp package\win7debug\inf2cat-expand.12120.write.1.tlog
c:\users\administrator\documents\visual studio 2013\projects\kmdf_pnp\kmdf_pnp package\win7debug\inf2cat-expand.12704.read.1.tlog
c:\users\administrator\documents\visual studio 2013\projects\kmdf_pnp\kmdf_pnp package\win7debug\inf2cat-expand.12704.write.1.tlog
c:\users\administrator\documents\visual studio 2013\projects\kmdf_pnp\kmdf_pnp package\win7debug\inf2cat-expand.12820.read.1.tlog
c:\users\administrator\documents\visual studio 2013\projects\kmdf_pnp\kmdf_pnp package\win7debug\inf2cat-expand.12820.write.1.tlog
c:\users\administrator\documents\visual studio 2013\projects\kmdf_pnp\kmdf_pnp package\win7debug\inf2cat-expand.13184.read.1.tlog
c:\users\administrator\documents\visual studio 2013\projects\kmdf_pnp\kmdf_pnp package\win7debug\inf2cat-expand.13184.write.1.tlog
c:\users\administrator\documents\visual studio 2013\projects\kmdf_pnp\kmdf_pnp package\win7debug\inf2cat-expand.14016.read.1.tlog
c:\users\administrator\documents\visual studio 2013\projects\kmdf_pnp\kmdf_pnp package\win7debug\inf2cat-expand.14016.write.1.tlog
c:\users\administrator\documents\visual studio 2013\projects\kmdf_pnp\kmdf_pnp package\win7debug\inf2cat-expand.15240.read.1.tlog
c:\users\administrator\documents\visual studio 2013\projects\kmdf_pnp\kmdf_pnp package\win7debug\inf2cat-expand.15240.write.1.tlog
c:\users\administrator\documents\visual studio 2013\projects\kmdf_pnp\kmdf_pnp package\win7debug\inf2cat-expand.3112.read.1.tlog
c:\users\administrator\documents\visual studio 2013\projects\kmdf_pnp\kmdf_pnp package\win7debug\inf2cat-expand.3112.write.1.tlog
c:\users\administrator\documents\visual studio 2013\projects\kmdf_pnp\kmdf_pnp package\win7debug\inf2cat-expand.3148.read.1.tlog
c:\users\administrator\documents\visual studio 2013\projects\kmdf_pnp\kmdf_pnp package\win7debug\inf2cat-expand.3148.write.1.tlog
c:\users\administrator\documents\visual studio 2013\projects\kmdf_pnp\kmdf_pnp package\win7debug\inf2cat-expand.3888.read.1.tlog
c:\users\administrator\documents\visual studio 2013\projects\kmdf_pnp\kmdf_pnp package\win7debug\inf2cat-expand.3888.write.1.tlog
c:\users\administrator\documents\visual studio 2013\projects\kmdf_pnp\kmdf_pnp package\win7debug\inf2cat-expand.4400.read.1.tlog
c:\users\administrator\documents\visual studio 2013\projects\kmdf_pnp\kmdf_pnp package\win7debug\inf2cat-expand.4400.write.1.tlog
c:\users\administrator\documents\visual studio 2013\projects\kmdf_pnp\kmdf_pnp package\win7debug\inf2cat-expand.5140.read.1.tlog
c:\users\administrator\documents\visual studio 2013\projects\kmdf_pnp\kmdf_pnp package\win7debug\inf2cat-expand.5140.write.1.tlog
c:\users\administrator\documents\visual studio 2013\projects\kmdf_pnp\kmdf_pnp package\win7debug\inf2cat-expand.7732.read.1.tlog
c:\users\administrator\documents\visual studio 2013\projects\kmdf_pnp\kmdf_pnp package\win7debug\inf2cat-expand.7732.write.1.tlog
c:\users\administrator\documents\visual studio 2013\projects\kmdf_pnp\kmdf_pnp package\win7debug\inf2cat-expand.8128.read.1.tlog
c:\users\administrator\documents\visual studio 2013\projects\kmdf_pnp\kmdf_pnp package\win7debug\inf2cat-expand.8128.write.1.tlog
c:\users\administrator\documents\visual studio 2013\projects\kmdf_pnp\kmdf_pnp package\win7debug\inf2cat-expand.9508.read.1.tlog
c:\users\administrator\documents\visual studio 2013\projects\kmdf_pnp\kmdf_pnp package\win7debug\inf2cat-expand.9508.write.1.tlog
c:\users\administrator\documents\visual studio 2013\projects\kmdf_pnp\kmdf_pnp package\win7debug\inf2cat-expand.9824.read.1.tlog
c:\users\administrator\documents\visual studio 2013\projects\kmdf_pnp\kmdf_pnp package\win7debug\inf2cat-expand.9824.write.1.tlog
c:\users\administrator\documents\visual studio 2013\projects\kmdf_pnp\kmdf_pnp package\win7debug\inf2cat-expand.read.1.tlog
c:\users\administrator\documents\visual studio 2013\projects\kmdf_pnp\kmdf_pnp package\win7debug\inf2cat-expand.write.1.tlog
c:\users\administrator\documents\visual studio 2013\projects\kmdf_pnp\kmdf_pnp package\win7debug\inf2cat.command.1.tlog
c:\users\administrator\documents\visual studio 2013\projects\kmdf_pnp\kmdf_pnp package\win7debug\inf2cat.read.1.tlog
c:\users\administrator\documents\visual studio 2013\projects\kmdf_pnp\kmdf_pnp package\win7debug\inf2cat.write.1.tlog
c:\users\administrator\documents\visual studio 2013\projects\kmdf_pnp\kmdf_pnp package\win7debug\signtool.command.1.tlog
c:\users\administrator\documents\visual studio 2013\projects\kmdf_pnp\kmdf_pnp package\win7debug\signtool.read.1.tlog
c:\users\administrator\documents\visual studio 2013\projects\kmdf_pnp\kmdf_pnp package\win7debug\signtool.write.1.tlog
